2022-03-23 10:35:25:3525 [32minfo[39m: 	Server is running on port 4000

      
2022-03-23 10:35:25:3525 [32minfo[39m: 	Database Succesfully Connected!

      
2022-03-23 17:05:07:57 [32minfo[39m: 	Server is running on port 4000

      
2022-03-23 17:05:12:512 [32minfo[39m: 	Database Succesfully Connected!

      
2022-03-23 17:19:15:1915 [32minfo[39m: 	Server is running on port 4000

      
2022-03-23 17:19:15:1915 [32minfo[39m: 	Database Succesfully Connected!

      
2022-03-23 17:37:03:373 [32minfo[39m: 	Server is running on port 4000

      
2022-03-23 17:37:03:373 [32minfo[39m: 	Database Succesfully Connected!

      
2022-03-23 17:40:43:4043 [34mhttp[39m: 	GET /api/v1/signup 404 152 - 5.486 ms


      
2022-03-23 17:40:49:4049 [31merror[39m: 	error validating body request La confirmación de contraseña es requerida

    instance: middlewares schema validation->  trace: La confirmación de contraseña es requerida
2022-03-23 17:40:49:4049 [34mhttp[39m: 	POST /api/v1/signup 400 89 - 14.834 ms


      
2022-03-23 17:42:04:424 [31merror[39m: 	error validating body request La confirmación de contraseña es requerida

    instance: middlewares schema validation->  trace: La confirmación de contraseña es requerida
2022-03-23 17:42:04:424 [34mhttp[39m: 	POST /api/v1/signup 400 89 - 8.032 ms


      
2022-03-23 17:42:19:4219 [31merror[39m: 	error validating body request La confirmación de contraseña es requerida

    instance: middlewares schema validation->  trace: La confirmación de contraseña es requerida
2022-03-23 17:42:19:4219 [34mhttp[39m: 	POST /api/v1/signup 400 89 - 5.455 ms


      
2022-03-23 17:43:15:4315 [31merror[39m: 	error validating body request La confirmación de contraseña es requerida

    instance: middlewares schema validation->  trace: La confirmación de contraseña es requerida
2022-03-23 17:43:15:4315 [34mhttp[39m: 	POST /api/v1/signup 400 89 - 61.118 ms


      
2022-03-23 17:43:53:4353 [34mhttp[39m: 	POST /api/v1/signup 201 82 - 186.389 ms


      
2022-03-23 22:20:09:209 [32minfo[39m: 	Server is running on port 4000

      
2022-03-23 22:20:09:209 [32minfo[39m: 	Database Succesfully Connected!

      
2022-03-23 22:22:46:2246 [32minfo[39m: 	Server is running on port 4000

      
2022-03-23 22:22:46:2246 [32minfo[39m: 	Database Succesfully Connected!

      
2022-03-23 22:24:25:2425 [32minfo[39m: 	Server is running on port 4000

      
2022-03-23 22:24:25:2425 [32minfo[39m: 	Database Succesfully Connected!

      
2022-03-23 22:24:29:2429 [31merror[39m: 	error creating user

    instance: createResourceFactory->  trace: E11000 duplicate key error collection: proyectomakeitper.users index: email_1 dup key: { email: "bacilio.anthony@gmail.com" }
2022-03-23 22:24:29:2429 [34mhttp[39m: 	POST /api/v1/signup 400 62 - 224.015 ms


      
2022-03-23 22:24:36:2436 [34mhttp[39m: 	POST /api/v1/signup 201 1076 - 166.005 ms


      
2022-03-23 22:27:39:2739 [32minfo[39m: 	Server is running on port 4000

      
2022-03-23 22:27:39:2739 [32minfo[39m: 	Database Succesfully Connected!

      
2022-03-23 22:27:43:2743 [34mhttp[39m: 	POST /api/v1/signup 201 389 - 231.575 ms


      
2022-03-23 22:40:22:4022 [34mhttp[39m: 	GET /api/v1/login 404 151 - 4.188 ms


      
2022-03-23 22:40:29:4029 [34mhttp[39m: 	POST /api/v1/login 200 197 - 192.925 ms


      
2022-03-23 22:42:14:4214 [34mhttp[39m: 	POST /api/v1/login 400 66 - 7.015 ms


      
2022-03-23 22:42:40:4240 [34mhttp[39m: 	POST /api/v1/login 400 66 - 2.119 ms


      
2022-03-23 22:44:10:4410 [34mhttp[39m: 	POST /api/v1/login 400 66 - 1.889 ms


      
2022-03-23 22:45:45:4545 [34mhttp[39m: 	POST /api/v1/login 200 197 - 152.594 ms


      
2022-03-23 22:46:57:4657 [32minfo[39m: 	Server is running on port 4000

      
2022-03-23 22:46:57:4657 [32minfo[39m: 	Database Succesfully Connected!

      
2022-03-23 22:46:59:4659 [34mhttp[39m: 	POST /api/v1/login 200 197 - 212.341 ms


      
2022-03-23 23:59:19:5919 [34mhttp[39m: 	POST /api/v1/project 404 154 - 4.613 ms


      
2022-03-23 23:59:45:5945 [32minfo[39m: 	Server is running on port 4000

      
2022-03-23 23:59:45:5945 [32minfo[39m: 	Database Succesfully Connected!

      
2022-03-24 00:00:42:042 [32minfo[39m: 	Server is running on port 4000

      
2022-03-24 00:00:42:042 [32minfo[39m: 	Database Succesfully Connected!

      
2022-03-24 00:00:44:044 [34mhttp[39m: 	POST /api/v1/project 400 64 - 50.772 ms


      
2022-03-24 00:05:23:523 [32minfo[39m: 	Server is running on port 4000

      
2022-03-24 00:05:23:523 [32minfo[39m: 	Database Succesfully Connected!

      
2022-03-24 00:05:23:523 [34mhttp[39m: 	POST /api/v1/project 400 64 - 52.127 ms


      
2022-03-24 00:05:26:526 [34mhttp[39m: 	POST /api/v1/project 400 64 - 4.973 ms


      
2022-03-24 00:05:54:554 [32minfo[39m: 	Server is running on port 4000

      
2022-03-24 00:05:54:554 [32minfo[39m: 	Database Succesfully Connected!

      
2022-03-24 00:05:55:555 [34mhttp[39m: 	POST /api/v1/project 400 64 - 59.796 ms


      
2022-03-24 00:06:12:612 [32minfo[39m: 	Server is running on port 4000

      
2022-03-24 00:06:12:612 [32minfo[39m: 	Database Succesfully Connected!

      
2022-03-24 00:07:16:716 [34mhttp[39m: 	POST /api/v1/project 400 64 - 50.247 ms


      
2022-03-24 00:09:24:924 [32minfo[39m: 	Server is running on port 4000

      
2022-03-24 00:09:24:924 [32minfo[39m: 	Database Succesfully Connected!

      
2022-03-24 00:09:25:925 [34mhttp[39m: 	POST /api/v1/project 400 64 - 49.747 ms


      
2022-03-24 00:09:26:926 [34mhttp[39m: 	POST /api/v1/project 400 64 - 4.976 ms


      
2022-03-24 00:10:13:1013 [32minfo[39m: 	Server is running on port 4000

      
2022-03-24 00:10:13:1013 [32minfo[39m: 	Database Succesfully Connected!

      
2022-03-24 00:10:15:1015 [34mhttp[39m: 	POST /api/v1/project 200 111 - 68.198 ms


      
2022-03-24 00:10:39:1039 [32minfo[39m: 	Server is running on port 4000

      
2022-03-24 00:10:39:1039 [32minfo[39m: 	Database Succesfully Connected!

      
2022-03-24 00:10:42:1042 [32minfo[39m: 	Server is running on port 4000

      
2022-03-24 00:10:42:1042 [32minfo[39m: 	Database Succesfully Connected!

      
2022-03-24 00:10:47:1047 [34mhttp[39m: 	POST /api/v1/project 200 111 - 64.553 ms


      
2022-03-24 00:16:22:1622 [34mhttp[39m: 	GET /api/v1/proyect/623bfd57ecca3160525b0172 404 178 - 3.559 ms


      
2022-03-24 00:16:31:1631 [34mhttp[39m: 	GET /api/v1/project/623bfd57ecca3160525b0172 200 111 - 24.559 ms


      
2022-03-24 13:54:07:547 [32minfo[39m: 	Server is running on port 4000

      
2022-03-24 13:54:17:5417 [32minfo[39m: 	Database Succesfully Connected!

      
2022-03-24 13:54:48:5448 [34mhttp[39m: 	GET /api/v1/project/user/:623be52fd77efc530096948c 400 44 - 8.296 ms


      
2022-03-24 13:56:07:567 [32minfo[39m: 	Server is running on port 4000

      
2022-03-24 13:56:07:567 [32minfo[39m: 	Database Succesfully Connected!

      
2022-03-24 13:56:08:568 [34mhttp[39m: 	GET /api/v1/project/user/:623be52fd77efc530096948c 400 44 - 7.610 ms


      
2022-03-24 13:56:43:5643 [32minfo[39m: 	Server is running on port 4000

      
2022-03-24 13:56:43:5643 [32minfo[39m: 	Database Succesfully Connected!

      
2022-03-24 13:56:44:5644 [34mhttp[39m: 	GET /api/v1/project/user/:623be52fd77efc530096948c 400 44 - 13.359 ms


      
2022-03-24 13:56:58:5658 [32minfo[39m: 	Server is running on port 4000

      
2022-03-24 13:56:58:5658 [32minfo[39m: 	Database Succesfully Connected!

      
2022-03-24 13:57:01:571 [34mhttp[39m: 	GET /api/v1/project/user/:623be52fd77efc530096948c 400 141 - 22.923 ms


      
2022-03-24 13:57:53:5753 [32minfo[39m: 	Server is running on port 4000

      
2022-03-24 13:57:53:5753 [32minfo[39m: 	Database Succesfully Connected!

      
2022-03-24 13:57:55:5755 [34mhttp[39m: 	GET /api/v1/project/user/:623be52fd77efc530096948c 400 141 - 22.810 ms


      
2022-03-24 13:58:49:5849 [32minfo[39m: 	Server is running on port 4000

      
2022-03-24 13:58:49:5849 [32minfo[39m: 	Database Succesfully Connected!

      
2022-03-24 13:58:57:5857 [34mhttp[39m: 	GET /api/v1/project/user/:623be52fd77efc530096948c 400 155 - 20.642 ms


      
2022-03-24 13:59:05:595 [34mhttp[39m: 	GET /api/v1/project/user/:623be52fd77efc530096948c 400 155 - 5.977 ms


      
2022-03-24 14:13:17:1317 [32minfo[39m: 	Server is running on port 4000

      
2022-03-24 14:13:17:1317 [32minfo[39m: 	Database Succesfully Connected!

      
2022-03-24 14:13:27:1327 [34mhttp[39m: 	GET /api/v1/project/user/623be52fd77efc530096948c 400 154 - 20.839 ms


      
2022-03-24 14:13:40:1340 [34mhttp[39m: 	POST /api/v1/project 200 111 - 63.536 ms


      
2022-03-24 14:13:52:1352 [34mhttp[39m: 	GET /api/v1/project/user/623be52fd77efc530096948c 400 154 - 3.305 ms


      
2022-03-24 14:14:08:148 [34mhttp[39m: 	GET /api/v1/project/user/623be52fd77efc530096948c 400 154 - 2.937 ms


      
2022-03-24 14:15:09:159 [32minfo[39m: 	Server is running on port 4000

      
2022-03-24 14:15:09:159 [32minfo[39m: 	Database Succesfully Connected!

      
2022-03-24 14:15:11:1511 [34mhttp[39m: 	GET /api/v1/project/user/623be52fd77efc530096948c 200 337 - 43.662 ms


      
2022-03-24 14:22:09:229 [32minfo[39m: 	Server is running on port 4000

      
2022-03-24 14:22:09:229 [32minfo[39m: 	Database Succesfully Connected!

      
2022-03-24 14:22:45:2245 [32minfo[39m: 	Server is running on port 4000

      
2022-03-24 14:22:45:2245 [32minfo[39m: 	Database Succesfully Connected!

      
2022-03-24 14:23:23:2323 [34mhttp[39m: 	GET /api/v1/project/623bfd57ecca3160525b0172 200 111 - 31.254 ms


      
2022-03-24 14:36:08:368 [32minfo[39m: 	Server is running on port 4000

      
2022-03-24 14:36:08:368 [32minfo[39m: 	Database Succesfully Connected!

      
2022-03-24 14:37:12:3712 [32minfo[39m: 	Server is running on port 4000

      
2022-03-24 14:37:12:3712 [32minfo[39m: 	Database Succesfully Connected!

      
2022-03-24 14:37:56:3756 [34mhttp[39m: 	PUT /api/v1/project/623bfd57ecca3160525b0172 200 111 - 65.919 ms


      
2022-03-24 14:37:59:3759 [34mhttp[39m: 	PUT /api/v1/project/623bfd57ecca3160525b0172 200 112 - 9.021 ms


      
2022-03-24 14:38:02:382 [34mhttp[39m: 	PUT /api/v1/project/623bfd57ecca3160525b0172 200 112 - 5.624 ms


      
2022-03-24 14:38:06:386 [34mhttp[39m: 	PUT /api/v1/project/623bfd57ecca3160525b0172 200 112 - 11.534 ms


      
2022-03-24 14:42:54:4254 [32minfo[39m: 	Server is running on port 4000

      
2022-03-24 14:42:54:4254 [32minfo[39m: 	Database Succesfully Connected!

      
2022-03-24 14:42:58:4258 [34mhttp[39m: 	PUT /api/v1/project/623bfd57ecca3160525b0172 200 112 - 58.812 ms


      
2022-03-24 14:43:34:4334 [32minfo[39m: 	Server is running on port 4000

      
2022-03-24 14:43:34:4334 [32minfo[39m: 	Database Succesfully Connected!

      
2022-03-24 14:43:39:4339 [34mhttp[39m: 	PUT /api/v1/project/623bfd57ecca3160525b0172 200 112 - 56.040 ms


      
2022-03-24 14:43:45:4345 [34mhttp[39m: 	PUT /api/v1/project/623bfd57ecca3160525b0172 200 112 - 8.070 ms


      
2022-03-24 14:45:01:451 [32minfo[39m: 	Server is running on port 4000

      
2022-03-24 14:45:01:451 [32minfo[39m: 	Database Succesfully Connected!

      
2022-03-24 14:45:04:454 [34mhttp[39m: 	PUT /api/v1/project/623bfd57ecca3160525b0172 200 112 - 54.781 ms


      
2022-03-24 14:51:49:5149 [32minfo[39m: 	Server is running on port 4000

      
2022-03-24 14:51:49:5149 [32minfo[39m: 	Database Succesfully Connected!

      
2022-03-24 14:51:54:5154 [34mhttp[39m: 	PUT /api/v1/project/edit/name/623bfd57ecca3160525b0172 200 112 - 57.847 ms


      
2022-03-24 16:15:01:151 [32minfo[39m: 	Server is running on port 4000

      
2022-03-24 16:15:01:151 [32minfo[39m: 	Database Succesfully Connected!

      
2022-03-24 16:36:17:3617 [32minfo[39m: 	Server is running on port 4000

      
2022-03-24 16:36:17:3617 [32minfo[39m: 	Database Succesfully Connected!

      
2022-03-24 16:43:45:4345 [32minfo[39m: 	Server is running on port 4000

      
2022-03-24 16:43:45:4345 [32minfo[39m: 	Database Succesfully Connected!

      
2022-03-24 16:49:17:4917 [32minfo[39m: 	Server is running on port 4000

      
2022-03-24 16:49:17:4917 [32minfo[39m: 	Database Succesfully Connected!

      
2022-03-24 16:52:22:5222 [32minfo[39m: 	Server is running on port 4000

      
2022-03-24 16:52:22:5222 [32minfo[39m: 	Database Succesfully Connected!

      
2022-03-24 16:53:21:5321 [32minfo[39m: 	Server is running on port 4000

      
2022-03-24 16:53:21:5321 [32minfo[39m: 	Database Succesfully Connected!

      
2022-03-24 16:56:41:5641 [34mhttp[39m: 	POST /api/v1/question 400 143 - 67.997 ms


      
2022-03-24 16:57:06:576 [34mhttp[39m: 	POST /api/v1/question 400 101 - 12.027 ms


      
2022-03-24 16:57:32:5732 [32minfo[39m: 	Server is running on port 4000

      
2022-03-24 16:57:32:5732 [32minfo[39m: 	Database Succesfully Connected!

      
2022-03-24 16:59:41:5941 [34mhttp[39m: 	POST /api/v1/question 200 225 - 76.300 ms


      
2022-03-24 17:00:25:025 [32minfo[39m: 	Server is running on port 4000

      
2022-03-24 17:00:25:025 [32minfo[39m: 	Database Succesfully Connected!

      
2022-03-24 17:00:28:028 [34mhttp[39m: 	POST /api/v1/question 200 225 - 81.857 ms


      
2022-03-24 17:03:05:35 [32minfo[39m: 	Server is running on port 4000

      
2022-03-24 17:03:05:35 [32minfo[39m: 	Database Succesfully Connected!

      
2022-03-24 17:04:27:427 [34mhttp[39m: 	POST /api/v1/question 200 225 - 80.153 ms


      
2022-03-24 17:25:36:2536 [32minfo[39m: 	Server is running on port 4000

      
2022-03-24 17:25:36:2536 [32minfo[39m: 	Database Succesfully Connected!

      
2022-03-24 17:26:13:2613 [32minfo[39m: 	Server is running on port 4000

      
2022-03-24 17:26:13:2613 [32minfo[39m: 	Database Succesfully Connected!

      
2022-03-24 17:43:00:430 [32minfo[39m: 	Server is running on port 4000

      
2022-03-24 17:43:00:430 [32minfo[39m: 	Database Succesfully Connected!

      
2022-03-24 17:46:26:4626 [32minfo[39m: 	Server is running on port 4000

      
2022-03-24 17:46:26:4626 [32minfo[39m: 	Database Succesfully Connected!

      
2022-03-24 17:48:48:4848 [32minfo[39m: 	Server is running on port 4000

      
2022-03-24 17:48:49:4849 [32minfo[39m: 	Database Succesfully Connected!

      
2022-03-24 17:49:11:4911 [32minfo[39m: 	Server is running on port 4000

      
2022-03-24 17:49:11:4911 [32minfo[39m: 	Database Succesfully Connected!

      
2022-03-24 19:13:10:1310 [32minfo[39m: 	Server is running on port 4000

      
2022-03-24 19:13:10:1310 [32minfo[39m: 	Database Succesfully Connected!

      
2022-03-24 22:40:08:408 [32minfo[39m: 	Server is running on port 4000

      
2022-03-24 22:40:08:408 [32minfo[39m: 	Database Succesfully Connected!

      
2022-03-24 22:57:29:5729 [34mhttp[39m: 	POST /api/v1/question 200 198 - 114.036 ms


      
2022-03-24 22:57:39:5739 [34mhttp[39m: 	GET /api/v1/project/623bfd57ecca3160525b0172 200 112 - 8.188 ms


      
2022-03-24 22:58:56:5856 [32minfo[39m: 	Server is running on port 4000

      
2022-03-24 22:58:56:5856 [32minfo[39m: 	Database Succesfully Connected!

      
2022-03-24 22:59:00:590 [34mhttp[39m: 	POST /api/v1/question 200 198 - 114.751 ms


      
2022-03-24 22:59:03:593 [34mhttp[39m: 	GET /api/v1/project/623bfd57ecca3160525b0172 200 112 - 8.585 ms


      
2022-03-24 23:00:22:022 [32minfo[39m: 	Server is running on port 4000

      
2022-03-24 23:00:22:022 [32minfo[39m: 	Database Succesfully Connected!

      
2022-03-24 23:00:22:022 [34mhttp[39m: 	POST /api/v1/question 200 198 - 112.139 ms


      
2022-03-24 23:00:33:033 [34mhttp[39m: 	GET /api/v1/project/623bfd57ecca3160525b0172 200 112 - 8.297 ms


      
2022-03-24 23:01:43:143 [32minfo[39m: 	Server is running on port 4000

      
2022-03-24 23:01:43:143 [32minfo[39m: 	Database Succesfully Connected!

      
2022-03-24 23:01:47:147 [34mhttp[39m: 	GET /api/v1/project/623bfd57ecca3160525b0172 200 112 - 34.964 ms


      
2022-03-24 23:01:57:157 [32minfo[39m: 	Server is running on port 4000

      
2022-03-24 23:01:57:157 [32minfo[39m: 	Database Succesfully Connected!

      
2022-03-24 23:02:05:25 [32minfo[39m: 	Server is running on port 4000

      
2022-03-24 23:02:05:25 [32minfo[39m: 	Database Succesfully Connected!

      
2022-03-24 23:02:06:26 [34mhttp[39m: 	GET /api/v1/project/623bfd57ecca3160525b0172 200 112 - 40.787 ms


      
2022-03-24 23:02:18:218 [32minfo[39m: 	Server is running on port 4000

      
2022-03-24 23:02:18:218 [32minfo[39m: 	Database Succesfully Connected!

      
2022-03-24 23:02:20:220 [34mhttp[39m: 	GET /api/v1/project/623bfd57ecca3160525b0172 200 112 - 41.598 ms


      
2022-03-24 23:02:38:238 [32minfo[39m: 	Server is running on port 4000

      
2022-03-24 23:02:38:238 [32minfo[39m: 	Database Succesfully Connected!

      
2022-03-24 23:02:41:241 [34mhttp[39m: 	GET /api/v1/project/623bfd57ecca3160525b0172 400 148 - 34.895 ms


      
2022-03-24 23:02:50:250 [32minfo[39m: 	Server is running on port 4000

      
2022-03-24 23:02:50:250 [32minfo[39m: 	Database Succesfully Connected!

      
2022-03-24 23:02:52:252 [34mhttp[39m: 	GET /api/v1/project/623bfd57ecca3160525b0172 200 112 - 41.251 ms


      
2022-03-24 23:03:35:335 [32minfo[39m: 	Server is running on port 4000

      
2022-03-24 23:03:35:335 [32minfo[39m: 	Database Succesfully Connected!

      
2022-03-24 23:03:37:337 [34mhttp[39m: 	GET /api/v1/project/623bfd57ecca3160525b0172 200 112 - 36.717 ms


      
2022-03-24 23:03:55:355 [32minfo[39m: 	Server is running on port 4000

      
2022-03-24 23:03:55:355 [32minfo[39m: 	Database Succesfully Connected!

      
2022-03-24 23:03:58:358 [34mhttp[39m: 	GET /api/v1/project/623bfd57ecca3160525b0172 200 112 - 42.889 ms


      
2022-03-24 23:03:59:359 [34mhttp[39m: 	GET /api/v1/project/623bfd57ecca3160525b0172 200 112 - 9.221 ms


      
2022-03-24 23:05:47:547 [32minfo[39m: 	Server is running on port 4000

      
2022-03-24 23:05:47:547 [32minfo[39m: 	Database Succesfully Connected!

      
2022-03-24 23:07:14:714 [32minfo[39m: 	Server is running on port 4000

      
2022-03-24 23:07:14:714 [32minfo[39m: 	Database Succesfully Connected!

      
2022-03-24 23:09:06:96 [34mhttp[39m: 	POST /api/v1/project 200 111 - 69.212 ms


      
2022-03-24 23:09:19:919 [34mhttp[39m: 	POST /api/v1/question 200 198 - 46.718 ms


      
2022-03-24 23:09:38:938 [34mhttp[39m: 	GET /api/v1/project/623d4062d36062cb143183e3 400 154 - 12.985 ms


      
2022-03-24 23:09:54:954 [32minfo[39m: 	Server is running on port 4000

      
2022-03-24 23:09:54:954 [32minfo[39m: 	Database Succesfully Connected!

      
2022-03-24 23:09:56:956 [34mhttp[39m: 	GET /api/v1/project/623d4062d36062cb143183e3 200 327 - 56.940 ms


      
2022-03-24 23:25:25:2525 [32minfo[39m: 	Server is running on port 4000

      
2022-03-24 23:25:25:2525 [32minfo[39m: 	Database Succesfully Connected!

      
2022-03-24 23:28:21:2821 [32minfo[39m: 	Server is running on port 4000

      
2022-03-24 23:28:21:2821 [32minfo[39m: 	Database Succesfully Connected!

      
2022-03-24 23:28:26:2826 [32minfo[39m: 	Server is running on port 4000

      
2022-03-24 23:28:26:2826 [32minfo[39m: 	Database Succesfully Connected!

      
2022-03-24 23:29:01:291 [32minfo[39m: 	Server is running on port 4000

      
2022-03-24 23:29:01:291 [32minfo[39m: 	Database Succesfully Connected!

      
2022-03-24 23:29:03:293 [34mhttp[39m: 	GET /api/v1/project/623d4062d36062cb143183e3 200 155 - 38.610 ms


      
2022-03-24 23:29:14:2914 [34mhttp[39m: 	GET /api/v1/project/623d4062d36062cb143183e3 200 155 - 6.734 ms


      
2022-03-24 23:29:36:2936 [34mhttp[39m: 	POST /api/v1/project 200 111 - 57.428 ms


      
2022-03-24 23:29:49:2949 [34mhttp[39m: 	POST /api/v1/question 200 198 - 40.597 ms


      
2022-03-24 23:29:54:2954 [34mhttp[39m: 	GET /api/v1/project/623d4530966e88c7b0197262 200 193 - 6.374 ms


      
2022-03-24 23:30:22:3022 [32minfo[39m: 	Server is running on port 4000

      
2022-03-24 23:30:22:3022 [32minfo[39m: 	Database Succesfully Connected!

      
2022-03-24 23:30:26:3026 [34mhttp[39m: 	GET /api/v1/project/623d4530966e88c7b0197262 400 144 - 53.051 ms


      
2022-03-24 23:30:29:3029 [32minfo[39m: 	Server is running on port 4000

      
2022-03-24 23:30:29:3029 [32minfo[39m: 	Database Succesfully Connected!

      
2022-03-24 23:30:31:3031 [34mhttp[39m: 	GET /api/v1/project/623d4530966e88c7b0197262 200 193 - 36.039 ms


      
2022-03-24 23:33:10:3310 [32minfo[39m: 	Server is running on port 4000

      
2022-03-24 23:33:10:3310 [32minfo[39m: 	Database Succesfully Connected!

      
2022-03-24 23:33:26:3326 [34mhttp[39m: 	GET /api/v1/project/623d4530966e88c7b0197262 200 365 - 51.850 ms


      
2022-03-24 23:34:00:340 [32minfo[39m: 	Server is running on port 4000

      
2022-03-24 23:34:00:340 [32minfo[39m: 	Database Succesfully Connected!

      
2022-03-24 23:34:01:341 [34mhttp[39m: 	GET /api/v1/project/623d4530966e88c7b0197262 200 534 - 62.719 ms


      
2022-03-24 23:46:18:4618 [32minfo[39m: 	Server is running on port 4000

      
2022-03-24 23:46:18:4618 [32minfo[39m: 	Database Succesfully Connected!

      
2022-03-24 23:46:29:4629 [32minfo[39m: 	Server is running on port 4000

      
2022-03-24 23:46:29:4629 [32minfo[39m: 	Database Succesfully Connected!

      
2022-03-24 23:46:30:4630 [34mhttp[39m: 	GET /api/v1/project/623d4530966e88c7b0197262 200 193 - 33.795 ms


      
2022-03-25 00:07:18:718 [32minfo[39m: 	Server is running on port 4000

      
2022-03-25 00:07:18:718 [32minfo[39m: 	Database Succesfully Connected!

      
2022-03-25 00:18:09:189 [32minfo[39m: 	Server is running on port 4000

      
2022-03-25 00:18:09:189 [32minfo[39m: 	Database Succesfully Connected!

      
2022-03-25 00:28:29:2829 [34mhttp[39m: 	POST /api/v1/project 200 111 - 79.507 ms


      
2022-03-25 00:28:40:2840 [34mhttp[39m: 	POST /api/v1/question 200 198 - 43.543 ms


      
2022-03-25 00:28:43:2843 [34mhttp[39m: 	GET /api/v1/project/623d52fc1f0f874cd0c26414 200 137 - 6.592 ms


      
2022-03-25 00:29:26:2926 [32minfo[39m: 	Server is running on port 4000

      
2022-03-25 00:29:26:2926 [32minfo[39m: 	Database Succesfully Connected!

      
2022-03-25 00:29:28:2928 [34mhttp[39m: 	GET /api/v1/project/623d52fc1f0f874cd0c26414 200 309 - 50.441 ms


      
2022-03-25 00:29:43:2943 [34mhttp[39m: 	POST /api/v1/question 200 198 - 89.023 ms


      
2022-03-25 00:29:48:2948 [34mhttp[39m: 	GET /api/v1/project/623d52fc1f0f874cd0c26414 200 508 - 19.351 ms


      
2022-03-25 00:29:54:2954 [34mhttp[39m: 	POST /api/v1/question 200 198 - 25.720 ms


      
2022-03-25 00:30:01:301 [34mhttp[39m: 	GET /api/v1/project/623d52fc1f0f874cd0c26414 200 707 - 11.479 ms


      
2022-03-25 09:54:39:5439 [32minfo[39m: 	Server is running on port 4000

      
2022-03-25 09:54:39:5439 [32minfo[39m: 	Database Succesfully Connected!

      
2022-03-25 10:25:38:2538 [34mhttp[39m: 	POST /api/v1/project 200 111 - 72.701 ms


      
2022-03-25 10:25:52:2552 [34mhttp[39m: 	POST /api/v1/question 200 198 - 42.563 ms


      
2022-03-25 10:26:00:260 [34mhttp[39m: 	POST /api/v1/question 200 198 - 18.022 ms


      
2022-03-25 10:26:04:264 [34mhttp[39m: 	POST /api/v1/question 200 198 - 18.828 ms


      
2022-03-25 10:27:29:2729 [32minfo[39m: 	Server is running on port 4000

      
2022-03-25 10:27:29:2729 [32minfo[39m: 	Database Succesfully Connected!

      
2022-03-25 10:27:35:2735 [34mhttp[39m: 	GET /api/v1/project/623ddef2674de2c48df3b341 200 707 - 55.038 ms


      
2022-03-25 10:31:55:3155 [32minfo[39m: 	Server is running on port 4000

      
2022-03-25 10:31:55:3155 [32minfo[39m: 	Database Succesfully Connected!

      
2022-03-25 10:34:00:340 [32minfo[39m: 	Server is running on port 4000

      
2022-03-25 10:34:01:341 [32minfo[39m: 	Database Succesfully Connected!

      
2022-03-25 10:34:03:343 [34mhttp[39m: 	GET /api/v1/project/623ddef2674de2c48df3b341 200 707 - 76.572 ms


      
2022-03-25 10:34:37:3437 [32minfo[39m: 	Server is running on port 4000

      
2022-03-25 10:34:37:3437 [32minfo[39m: 	Database Succesfully Connected!

      
2022-03-25 10:35:02:352 [34mhttp[39m: 	PUT /api/v1/project/edit/moveup 200 191 - 51.460 ms


      
2022-03-25 10:35:10:3510 [34mhttp[39m: 	GET /api/v1/project/623ddef2674de2c48df3b341 200 707 - 31.182 ms


      
2022-03-25 10:35:18:3518 [34mhttp[39m: 	PUT /api/v1/project/edit/moveup 200 191 - 20.970 ms


      
2022-03-25 10:35:23:3523 [34mhttp[39m: 	GET /api/v1/project/623ddef2674de2c48df3b341 200 707 - 15.463 ms


      
2022-03-25 10:35:40:3540 [34mhttp[39m: 	PUT /api/v1/project/edit/moveup 400 46 - 2.312 ms


      
2022-03-25 10:36:11:3611 [34mhttp[39m: 	PUT /api/v1/project/edit/moveup 200 191 - 4.572 ms


      
2022-03-25 10:37:19:3719 [34mhttp[39m: 	GET /api/v1/project/623ddef2674de2c48df3b341 200 707 - 15.158 ms


      
2022-03-25 10:37:28:3728 [34mhttp[39m: 	PUT /api/v1/project/edit/moveup 200 191 - 13.621 ms


      
2022-03-25 10:37:32:3732 [34mhttp[39m: 	PUT /api/v1/project/edit/moveup 200 191 - 11.223 ms


      
2022-03-25 10:37:56:3756 [32minfo[39m: 	Server is running on port 4000

      
2022-03-25 10:37:56:3756 [32minfo[39m: 	Database Succesfully Connected!

      
2022-03-25 10:37:57:3757 [34mhttp[39m: 	PUT /api/v1/project/edit/moveup 200 191 - 74.596 ms


      
2022-03-25 10:38:01:381 [34mhttp[39m: 	PUT /api/v1/project/edit/moveup 200 191 - 20.100 ms


      
2022-03-25 10:38:22:3822 [32minfo[39m: 	Server is running on port 4000

      
2022-03-25 10:38:22:3822 [32minfo[39m: 	Database Succesfully Connected!

      
2022-03-25 10:38:28:3828 [34mhttp[39m: 	PUT /api/v1/project/edit/moveup 200 191 - 71.022 ms


      
2022-03-25 10:38:33:3833 [34mhttp[39m: 	PUT /api/v1/project/edit/moveup 200 191 - 22.958 ms


      
2022-03-25 10:39:14:3914 [32minfo[39m: 	Server is running on port 4000

      
2022-03-25 10:39:14:3914 [32minfo[39m: 	Database Succesfully Connected!

      
2022-03-25 10:39:17:3917 [34mhttp[39m: 	PUT /api/v1/project/edit/moveup 200 191 - 77.930 ms


      
2022-03-25 10:39:24:3924 [34mhttp[39m: 	GET /api/v1/project/623ddef2674de2c48df3b341 200 707 - 33.570 ms


      
2022-03-25 10:40:24:4024 [32minfo[39m: 	Server is running on port 4000

      
2022-03-25 10:40:24:4024 [32minfo[39m: 	Database Succesfully Connected!

      
2022-03-25 10:40:26:4026 [34mhttp[39m: 	PUT /api/v1/project/edit/moveup 200 191 - 74.266 ms


      
2022-03-25 10:40:54:4054 [32minfo[39m: 	Server is running on port 4000

      
2022-03-25 10:40:54:4054 [32minfo[39m: 	Database Succesfully Connected!

      
2022-03-25 10:40:56:4056 [34mhttp[39m: 	PUT /api/v1/project/edit/moveup 200 191 - 82.203 ms


      
2022-03-25 10:42:33:4233 [32minfo[39m: 	Server is running on port 4000

      
2022-03-25 10:42:33:4233 [32minfo[39m: 	Database Succesfully Connected!

      
2022-03-25 10:42:35:4235 [34mhttp[39m: 	PUT /api/v1/project/edit/moveup 200 191 - 79.807 ms


      
2022-03-25 10:53:19:5319 [32minfo[39m: 	Server is running on port 4000

      
2022-03-25 10:53:19:5319 [32minfo[39m: 	Database Succesfully Connected!

      
2022-03-25 10:53:25:5325 [34mhttp[39m: 	PUT /api/v1/project/edit/moveup 400 94 - 62.773 ms


      
2022-03-25 10:54:58:5458 [32minfo[39m: 	Server is running on port 4000

      
2022-03-25 10:54:58:5458 [32minfo[39m: 	Database Succesfully Connected!

      
2022-03-25 10:54:59:5459 [34mhttp[39m: 	PUT /api/v1/project/edit/moveup 200 191 - 78.244 ms


      
2022-03-25 10:55:04:554 [34mhttp[39m: 	GET /api/v1/project/623ddef2674de2c48df3b341 200 707 - 32.826 ms


      
2022-03-25 10:56:09:569 [32minfo[39m: 	Server is running on port 4000

      
2022-03-25 10:56:09:569 [32minfo[39m: 	Database Succesfully Connected!

      
2022-03-25 10:57:09:579 [32minfo[39m: 	Server is running on port 4000

      
2022-03-25 10:57:09:579 [32minfo[39m: 	Database Succesfully Connected!

      
2022-03-25 11:00:15:015 [32minfo[39m: 	Server is running on port 4000

      
2022-03-25 11:00:15:015 [32minfo[39m: 	Database Succesfully Connected!

      
2022-03-25 11:01:18:118 [32minfo[39m: 	Server is running on port 4000

      
2022-03-25 11:01:18:118 [32minfo[39m: 	Database Succesfully Connected!

      
2022-03-25 11:01:28:128 [32minfo[39m: 	Server is running on port 4000

      
2022-03-25 11:01:28:128 [32minfo[39m: 	Database Succesfully Connected!

      
2022-03-25 11:01:48:148 [32minfo[39m: 	Server is running on port 4000

      
2022-03-25 11:01:48:148 [32minfo[39m: 	Database Succesfully Connected!

      
2022-03-25 11:01:53:153 [32minfo[39m: 	Server is running on port 4000

      
2022-03-25 11:01:53:153 [32minfo[39m: 	Database Succesfully Connected!

      
2022-03-25 11:02:39:239 [32minfo[39m: 	Server is running on port 4000

      
2022-03-25 11:02:39:239 [32minfo[39m: 	Database Succesfully Connected!

      
2022-03-25 11:03:18:318 [32minfo[39m: 	Server is running on port 4000

      
2022-03-25 11:03:18:318 [32minfo[39m: 	Database Succesfully Connected!

      
2022-03-25 11:05:03:53 [32minfo[39m: 	Server is running on port 4000

      
2022-03-25 11:05:03:53 [32minfo[39m: 	Database Succesfully Connected!

      
2022-03-25 11:15:27:1527 [32minfo[39m: 	Server is running on port 4000

      
2022-03-25 11:15:27:1527 [32minfo[39m: 	Database Succesfully Connected!

      
2022-03-25 11:16:02:162 [32minfo[39m: 	Server is running on port 4000

      
2022-03-25 11:16:02:162 [32minfo[39m: 	Database Succesfully Connected!

      
2022-03-25 11:16:13:1613 [32minfo[39m: 	Server is running on port 4000

      
2022-03-25 11:16:13:1613 [32minfo[39m: 	Database Succesfully Connected!

      
2022-03-25 11:18:14:1814 [32minfo[39m: 	Server is running on port 4000

      
2022-03-25 11:18:14:1814 [32minfo[39m: 	Database Succesfully Connected!

      
2022-03-25 11:18:31:1831 [32minfo[39m: 	Server is running on port 4000

      
2022-03-25 11:18:31:1831 [32minfo[39m: 	Database Succesfully Connected!

      
2022-03-25 11:22:31:2231 [32minfo[39m: 	Server is running on port 4000

      
2022-03-25 11:22:31:2231 [32minfo[39m: 	Database Succesfully Connected!

      
2022-03-25 11:23:48:2348 [32minfo[39m: 	Server is running on port 4000

      
2022-03-25 11:23:48:2348 [32minfo[39m: 	Database Succesfully Connected!

      
2022-03-25 11:23:57:2357 [32minfo[39m: 	Server is running on port 4000

      
2022-03-25 11:23:57:2357 [32minfo[39m: 	Database Succesfully Connected!

      
2022-03-28 17:34:28:3428 [32minfo[39m: 	Server is running on port 4000

      
2022-03-28 17:34:28:3428 [32minfo[39m: 	Database Succesfully Connected!

      
2022-03-28 17:39:34:3934 [34mhttp[39m: 	GET /api/v1/project/623ddef2674de2c48df3b341 200 707 - 1938.635 ms


      
2022-03-28 17:39:50:3950 [34mhttp[39m: 	PUT /api/v1/project/edit/moveup 200 707 - 43.200 ms


      
2022-03-28 17:40:07:407 [34mhttp[39m: 	PUT /api/v1/project/edit/moveup 200 707 - 17.460 ms


      
2022-03-28 17:40:09:409 [34mhttp[39m: 	PUT /api/v1/project/edit/moveup 200 707 - 16.399 ms


      
2022-03-28 17:40:39:4039 [34mhttp[39m: 	PUT /api/v1/project/edit/moveup 200 707 - 14.012 ms


      
2022-03-28 17:40:41:4041 [34mhttp[39m: 	PUT /api/v1/project/edit/moveup 200 707 - 15.178 ms


      
2022-03-28 17:41:29:4129 [34mhttp[39m: 	PUT /api/v1/project/edit/moveup 200 707 - 17.417 ms


      
2022-03-28 17:41:30:4130 [34mhttp[39m: 	PUT /api/v1/project/edit/moveup 200 707 - 12.656 ms


      
2022-03-28 17:42:05:425 [34mhttp[39m: 	PUT /api/v1/project/edit/moveup 200 191 - 7.308 ms


      
2022-03-28 17:42:10:4210 [34mhttp[39m: 	PUT /api/v1/project/edit/moveup 200 191 - 6.401 ms


      
2022-03-28 17:42:22:4222 [34mhttp[39m: 	PUT /api/v1/project/edit/moveup 200 707 - 14.257 ms


      
2022-03-28 17:43:21:4321 [32minfo[39m: 	Server is running on port 4000

      
2022-03-28 17:43:21:4321 [32minfo[39m: 	Database Succesfully Connected!

      
2022-03-28 17:43:22:4322 [34mhttp[39m: 	PUT /api/v1/project/edit/moveup 200 707 - 98.502 ms


      
2022-03-28 17:43:25:4325 [34mhttp[39m: 	PUT /api/v1/project/edit/moveup 200 707 - 19.622 ms


      
2022-03-28 17:43:28:4328 [34mhttp[39m: 	PUT /api/v1/project/edit/moveup 200 707 - 17.275 ms


      
2022-03-28 17:43:48:4348 [34mhttp[39m: 	PUT /api/v1/project/edit/moveup 200 707 - 18.797 ms


      
2022-03-28 17:43:49:4349 [34mhttp[39m: 	PUT /api/v1/project/edit/moveup 200 707 - 17.817 ms


      
2022-03-28 17:43:50:4350 [34mhttp[39m: 	PUT /api/v1/project/edit/moveup 200 707 - 14.715 ms


      
2022-03-28 17:44:10:4410 [32minfo[39m: 	Server is running on port 4000

      
2022-03-28 17:44:10:4410 [32minfo[39m: 	Database Succesfully Connected!

      
2022-03-28 17:44:10:4410 [34mhttp[39m: 	PUT /api/v1/project/edit/movedown 200 707 - 177.256 ms


      
2022-03-28 17:50:47:5047 [32minfo[39m: 	Server is running on port 4000

      
2022-03-28 17:50:47:5047 [32minfo[39m: 	Database Succesfully Connected!

      
2022-03-28 17:50:58:5058 [34mhttp[39m: 	PUT /api/v1/project/edit/movedown 200 707 - 92.448 ms


      
2022-03-28 17:51:05:515 [34mhttp[39m: 	PUT /api/v1/project/edit/movedown 200 707 - 23.565 ms


      
2022-03-28 17:51:07:517 [34mhttp[39m: 	PUT /api/v1/project/edit/movedown 200 707 - 24.284 ms


      
2022-03-28 17:51:09:519 [34mhttp[39m: 	PUT /api/v1/project/edit/movedown 200 707 - 16.479 ms


      
2022-03-28 17:51:23:5123 [32minfo[39m: 	Server is running on port 4000

      
2022-03-28 17:51:23:5123 [32minfo[39m: 	Database Succesfully Connected!

      
2022-03-28 17:51:26:5126 [32minfo[39m: 	Server is running on port 4000

      
2022-03-28 17:51:26:5126 [32minfo[39m: 	Database Succesfully Connected!

      
2022-03-28 17:51:26:5126 [34mhttp[39m: 	PUT /api/v1/project/edit/movedown 200 191 - 101.957 ms


      
2022-03-28 17:51:28:5128 [34mhttp[39m: 	PUT /api/v1/project/edit/movedown 200 191 - 8.448 ms


      
2022-03-28 17:51:57:5157 [32minfo[39m: 	Server is running on port 4000

      
2022-03-28 17:51:57:5157 [32minfo[39m: 	Database Succesfully Connected!

      
2022-03-28 17:51:59:5159 [34mhttp[39m: 	PUT /api/v1/project/edit/movedown 200 707 - 84.034 ms


      
2022-03-28 17:52:03:523 [34mhttp[39m: 	PUT /api/v1/project/edit/movedown 200 707 - 26.007 ms


      
2022-03-28 17:52:05:525 [34mhttp[39m: 	PUT /api/v1/project/edit/movedown 200 707 - 16.764 ms


      
2022-03-28 17:53:03:533 [32minfo[39m: 	Server is running on port 4000

      
2022-03-28 17:53:03:533 [32minfo[39m: 	Database Succesfully Connected!

      
2022-03-28 17:53:06:536 [34mhttp[39m: 	PUT /api/v1/project/edit/movedown 200 707 - 96.404 ms


      
2022-03-28 17:53:07:537 [34mhttp[39m: 	PUT /api/v1/project/edit/movedown 200 707 - 26.290 ms


      
2022-03-28 17:53:12:5312 [34mhttp[39m: 	PUT /api/v1/project/edit/movedown 200 707 - 21.771 ms


      
2022-03-28 17:53:21:5321 [34mhttp[39m: 	PUT /api/v1/project/edit/movedown 200 707 - 20.871 ms


      
2022-03-28 17:53:25:5325 [34mhttp[39m: 	PUT /api/v1/project/edit/movedown 200 707 - 15.790 ms


      
2022-03-28 17:53:36:5336 [34mhttp[39m: 	PUT /api/v1/project/edit/movedown 200 707 - 17.086 ms


      
2022-03-28 17:53:44:5344 [34mhttp[39m: 	PUT /api/v1/project/edit/movedown 200 707 - 13.814 ms


      
2022-03-28 17:53:46:5346 [34mhttp[39m: 	PUT /api/v1/project/edit/movedown 200 707 - 14.225 ms


      
2022-03-28 17:53:47:5347 [34mhttp[39m: 	PUT /api/v1/project/edit/movedown 200 707 - 16.347 ms


      
2022-03-28 17:53:48:5348 [34mhttp[39m: 	PUT /api/v1/project/edit/movedown 200 707 - 13.284 ms


      
2022-03-28 17:53:49:5349 [34mhttp[39m: 	PUT /api/v1/project/edit/movedown 200 707 - 11.832 ms


      
2022-03-28 17:53:50:5350 [34mhttp[39m: 	PUT /api/v1/project/edit/movedown 200 707 - 12.266 ms


      
2022-03-28 17:53:51:5351 [34mhttp[39m: 	PUT /api/v1/project/edit/movedown 200 707 - 13.502 ms


      
2022-03-28 17:54:04:544 [32minfo[39m: 	Server is running on port 4000

      
2022-03-28 17:54:04:544 [32minfo[39m: 	Database Succesfully Connected!

      
2022-03-28 17:54:04:544 [34mhttp[39m: 	PUT /api/v1/project/edit/movedown 200 508 - 93.965 ms


      
2022-03-28 17:54:06:546 [34mhttp[39m: 	PUT /api/v1/project/edit/movedown 200 508 - 20.116 ms


      
2022-03-28 17:54:07:547 [34mhttp[39m: 	PUT /api/v1/project/edit/movedown 200 508 - 21.352 ms


      
2022-03-28 17:54:14:5414 [34mhttp[39m: 	PUT /api/v1/project/edit/movedown 200 508 - 19.799 ms


      
2022-03-28 17:57:18:5718 [32minfo[39m: 	Server is running on port 4000

      
2022-03-28 17:57:18:5718 [32minfo[39m: 	Database Succesfully Connected!

      
2022-03-28 17:57:44:5744 [34mhttp[39m: 	POST /api/v1/project 200 111 - 74.706 ms


      
2022-03-28 17:58:03:583 [34mhttp[39m: 	POST /api/v1/question 200 198 - 75.640 ms


      
2022-03-28 17:58:09:589 [34mhttp[39m: 	POST /api/v1/question 200 198 - 41.234 ms


      
2022-03-28 17:58:13:5813 [34mhttp[39m: 	POST /api/v1/question 200 198 - 40.549 ms


      
2022-03-28 17:59:31:5931 [32minfo[39m: 	Server is running on port 4000

      
2022-03-28 17:59:31:5931 [32minfo[39m: 	Database Succesfully Connected!

      
2022-03-28 18:09:22:922 [34mhttp[39m: 	POST /api/v1/project 200 111 - 101.918 ms


      
2022-03-28 18:09:30:930 [34mhttp[39m: 	POST /api/v1/question 200 198 - 41.856 ms


      
2022-03-28 18:09:36:936 [34mhttp[39m: 	POST /api/v1/question 200 198 - 32.154 ms


      
2022-03-28 18:09:39:939 [34mhttp[39m: 	POST /api/v1/question 200 198 - 20.234 ms


      
2022-03-28 18:09:56:956 [34mhttp[39m: 	GET /api/v1/project/62423d68bfb45f98b8cd38ab 200 707 - 50.989 ms


      
2022-03-28 18:10:28:1028 [34mhttp[39m: 	GET /api/v1/project/62423d68bfb45f98b8cd38ab 200 707 - 13.163 ms


      
2022-03-28 18:10:35:1035 [34mhttp[39m: 	PUT /api/v1/project/edit/moveup 200 707 - 31.251 ms


      
2022-03-28 18:10:40:1040 [34mhttp[39m: 	PUT /api/v1/project/edit/movedown 200 508 - 15.184 ms


      
2022-03-28 18:12:52:1252 [34mhttp[39m: 	GET /api/v1/project/62423d68bfb45f98b8cd38ab 200 508 - 11.495 ms


      
2022-03-28 18:13:56:1356 [34mhttp[39m: 	GET /api/v1/project/62423d68bfb45f98b8cd38ab 200 707 - 14.172 ms


      
2022-03-28 18:16:19:1619 [32minfo[39m: 	Server is running on port 4000

      
2022-03-28 18:16:19:1619 [32minfo[39m: 	Database Succesfully Connected!

      
2022-03-28 18:17:03:173 [34mhttp[39m: 	PUT /api/v1/project/edit/movedown 200 508 - 103.404 ms


      
2022-03-28 18:18:38:1838 [34mhttp[39m: 	PUT /api/v1/project/edit/movedown 200 707 - 25.007 ms


      
2022-03-28 18:18:55:1855 [34mhttp[39m: 	PUT /api/v1/project/edit/movedown 200 707 - 15.927 ms


      
2022-03-28 18:24:09:249 [34mhttp[39m: 	PUT /api/v1/project/edit/movedown 200 707 - 25.813 ms


      
2022-03-28 18:25:57:2557 [32minfo[39m: 	Server is running on port 4000

      
2022-03-28 18:25:57:2557 [32minfo[39m: 	Database Succesfully Connected!

      
2022-03-28 18:26:17:2617 [32minfo[39m: 	Server is running on port 4000

      
2022-03-28 18:26:17:2617 [32minfo[39m: 	Database Succesfully Connected!

      
2022-03-28 18:27:10:2710 [34mhttp[39m: 	POST /api/v1/project 200 111 - 76.206 ms


      
2022-03-28 18:28:57:2857 [34mhttp[39m: 	POST /api/v1/question 200 198 - 108.482 ms


      
2022-03-28 18:29:00:290 [34mhttp[39m: 	POST /api/v1/question 200 198 - 27.271 ms


      
2022-03-28 18:29:02:292 [34mhttp[39m: 	POST /api/v1/question 200 198 - 23.051 ms


      
2022-03-28 18:29:05:295 [34mhttp[39m: 	GET /api/v1/project/6242444e97349f296569a440 200 707 - 26.211 ms


      
2022-03-28 18:29:13:2913 [34mhttp[39m: 	PUT /api/v1/project/edit/moveup 200 707 - 17.933 ms


      
2022-03-28 18:29:15:2915 [34mhttp[39m: 	PUT /api/v1/project/edit/moveup 200 707 - 26.543 ms


      
2022-03-28 18:29:31:2931 [34mhttp[39m: 	PUT /api/v1/project/edit/movedown 200 707 - 14.217 ms


      
2022-03-28 18:29:44:2944 [34mhttp[39m: 	PUT /api/v1/project/edit/movedown 200 707 - 17.528 ms


      
2022-03-28 20:15:16:1516 [32minfo[39m: 	Server is running on port 4000

      
2022-03-28 20:15:16:1516 [32minfo[39m: 	Database Succesfully Connected!

      
2022-03-28 20:43:39:4339 [32minfo[39m: 	Server is running on port 4000

      
2022-03-28 20:43:39:4339 [32minfo[39m: 	Database Succesfully Connected!

      
2022-03-28 20:43:57:4357 [32minfo[39m: 	Server is running on port 4000

      
2022-03-28 20:43:57:4357 [32minfo[39m: 	Database Succesfully Connected!

      
2022-03-28 20:44:23:4423 [34mhttp[39m: 	GET /api/v1/question/624244be97349f296569a44b 200 198 - 57.192 ms


      
2022-03-28 20:44:50:4450 [32minfo[39m: 	Server is running on port 4000

      
2022-03-28 20:44:50:4450 [32minfo[39m: 	Database Succesfully Connected!

      
2022-03-28 20:44:52:4452 [34mhttp[39m: 	GET /api/v1/question/624244be97349f296569a44b 200 198 - 55.782 ms


      
2022-03-28 21:10:42:1042 [32minfo[39m: 	Server is running on port 4000

      
2022-03-28 21:10:42:1042 [32minfo[39m: 	Database Succesfully Connected!

      
2022-03-28 21:11:26:1126 [34mhttp[39m: 	PUT /api/v1/question/624244be97349f296569a44b 200 4 - 49.230 ms


      
2022-03-28 21:13:42:1342 [32minfo[39m: 	Server is running on port 4000

      
2022-03-28 21:13:42:1342 [32minfo[39m: 	Database Succesfully Connected!

      
2022-03-28 21:13:46:1346 [34mhttp[39m: 	PUT /api/v1/question/624244be97349f296569a44b 200 4 - 51.091 ms


      
2022-03-28 21:14:06:146 [34mhttp[39m: 	GET /api/v1/question/624244be97349f296569a44b 200 198 - 23.384 ms


      
2022-03-28 21:14:30:1430 [32minfo[39m: 	Server is running on port 4000

      
2022-03-28 21:14:30:1430 [32minfo[39m: 	Database Succesfully Connected!

      
2022-03-28 21:14:31:1431 [34mhttp[39m: 	PUT /api/v1/question/624244be97349f296569a44b 200 4 - 63.275 ms


      
2022-03-28 21:14:50:1450 [32minfo[39m: 	Server is running on port 4000

      
2022-03-28 21:14:50:1450 [32minfo[39m: 	Database Succesfully Connected!

      
2022-03-28 21:14:51:1451 [34mhttp[39m: 	PUT /api/v1/question/624244be97349f296569a44b 200 4 - 56.318 ms


      
2022-03-28 21:15:19:1519 [32minfo[39m: 	Server is running on port 4000

      
2022-03-28 21:15:19:1519 [32minfo[39m: 	Database Succesfully Connected!

      
2022-03-28 21:15:20:1520 [34mhttp[39m: 	PUT /api/v1/question/624244be97349f296569a44b 200 4 - 68.710 ms


      
2022-03-28 21:15:37:1537 [34mhttp[39m: 	PUT /api/v1/question/624244be97349f296569a44b 200 4 - 11.236 ms


      
2022-03-28 21:15:56:1556 [32minfo[39m: 	Server is running on port 4000

      
2022-03-28 21:15:56:1556 [32minfo[39m: 	Database Succesfully Connected!

      
2022-03-28 21:15:57:1557 [34mhttp[39m: 	PUT /api/v1/question/624244be97349f296569a44b 200 199 - 69.390 ms


      
2022-03-28 21:16:01:161 [34mhttp[39m: 	GET /api/v1/question/624244be97349f296569a44b 200 199 - 14.063 ms


      
2022-03-28 21:17:38:1738 [32minfo[39m: 	Server is running on port 4000

      
2022-03-28 21:17:38:1738 [32minfo[39m: 	Database Succesfully Connected!

      
2022-03-28 21:18:01:181 [32minfo[39m: 	Server is running on port 4000

      
2022-03-28 21:18:01:181 [32minfo[39m: 	Database Succesfully Connected!

      
2022-03-29 00:06:16:616 [34mhttp[39m: 	GET /api/v1/register 404 154 - 34.135 ms


      
2022-03-29 00:06:21:621 [34mhttp[39m: 	POST /api/v1/register 404 155 - 3.361 ms


      
2022-03-29 00:07:36:736 [32minfo[39m: 	Server is running on port 4000

      
2022-03-29 00:07:36:736 [32minfo[39m: 	Database Succesfully Connected!

      
2022-03-29 00:07:37:737 [34mhttp[39m: 	POST /api/v1/register 200 187 - 57.198 ms


      
2022-03-29 00:18:19:1819 [34mhttp[39m: 	POST /api/v1/register 200 187 - 13.555 ms


      
2022-03-29 00:18:23:1823 [34mhttp[39m: 	POST /api/v1/register 200 187 - 6.620 ms


      
2022-03-29 00:19:52:1952 [32minfo[39m: 	Server is running on port 4000

      
2022-03-29 00:19:52:1952 [32minfo[39m: 	Database Succesfully Connected!

      
2022-03-29 00:20:07:207 [32minfo[39m: 	Server is running on port 4000

      
2022-03-29 00:20:07:207 [32minfo[39m: 	Database Succesfully Connected!

      
2022-03-29 00:20:28:2028 [34mhttp[39m: 	POST /api/v1/registers/6242444e97349f296569a440 404 181 - 30.753 ms


      
2022-03-29 00:20:32:2032 [34mhttp[39m: 	GET /api/v1/registers/6242444e97349f296569a440 200 565 - 30.826 ms


      
2022-03-29 00:44:27:4427 [34mhttp[39m: 	POST /api/v1/qrcolaborator 404 160 - 3.728 ms


      
2022-03-29 00:45:16:4516 [34mhttp[39m: 	POST /api/v1/qrcolaborator 404 160 - 3.491 ms


      
2022-03-29 00:45:19:4519 [32minfo[39m: 	Server is running on port 4000

      
2022-03-29 00:45:19:4519 [32minfo[39m: 	Database Succesfully Connected!

      
2022-03-29 00:45:20:4520 [34mhttp[39m: 	POST /api/v1/qrcolaborator 400 87 - 58.200 ms


      
